<?xml version="1.0" encoding="UTF-8"?>
<robot generator="Robot 7.2.2 (Python 3.12.2 on win32)" generated="2025-03-25T13:53:44.979749" rpa="false" schemaversion="5">
<suite id="s1" name="Login Avec Template Data" source="c:\Users\Arnaud\Documents\Log\Robot_Framework\sauce-demo-robot\tests\login_avec_template_data.robot">
<test id="s1-t1" name="Case 1" line="9">
<kw name="Open Browser" owner="SeleniumLibrary" type="SETUP">
<msg time="2025-03-25T13:53:45.891990" level="INFO">Opening browser 'firefox' to base url 'http://www.saucedemo.com' through remote server at 'http://localhost:4444/wd/hub'.</msg>
<msg time="2025-03-25T13:58:57.608153" level="INFO">Cannot capture screenshot because no browser is open.</msg>
<arg>http://www.saucedemo.com</arg>
<arg>remote_url=http://localhost:4444/wd/hub</arg>
<doc>Opens a new browser instance to the optional ``url``.</doc>
<status status="FAIL" start="2025-03-25T13:53:45.891023" elapsed="311.718131">Execution terminated by signal</status>
</kw>
<tag>@regresssion</tag>
<status status="FAIL" start="2025-03-25T13:53:45.889022" elapsed="311.723150">Setup failed:
Execution terminated by signal</status>
</test>
<test id="s1-t2" name="Case 2" line="9">
<tag>@regresssion</tag>
<tag>robot:exit</tag>
<status status="FAIL" start="2025-03-25T13:58:57.621168" elapsed="0.005731">Test execution stopped due to a fatal error.</status>
</test>
<test id="s1-t3" name="Case 3" line="9">
<tag>@regresssion</tag>
<tag>robot:exit</tag>
<status status="FAIL" start="2025-03-25T13:58:57.631944" elapsed="0.002995">Test execution stopped due to a fatal error.</status>
</test>
<status status="FAIL" start="2025-03-25T13:53:44.991770" elapsed="312.650868"/>
</suite>
<statistics>
<total>
<stat pass="0" fail="3" skip="0">All Tests</stat>
</total>
<tag>
<stat info="combined" combined="NOT robot:exit" pass="0" fail="1" skip="0">NOT robot:exit</stat>
<stat pass="0" fail="3" skip="0">@regresssion</stat>
</tag>
<suite>
<stat name="Login Avec Template Data" id="s1" pass="0" fail="3" skip="0">Login Avec Template Data</stat>
</suite>
</statistics>
<errors>
<msg time="2025-03-25T13:53:44.958993" level="WARN">Error in file 'c:\Users\Arnaud\Documents\Log\Robot_Framework\sauce-demo-robot\tests\login_avec_template_data.robot' on line 16: The '[Return]' setting is deprecated. Use the 'RETURN' statement instead.</msg>
</errors>
</robot>
